{
  "stats": {
    "suites": 1,
    "tests": 1,
    "passes": 1,
    "pending": 0,
    "failures": 0,
    "start": "2022-09-07T03:30:22.342Z",
    "end": "2022-09-07T03:30:28.569Z",
    "duration": 6227,
    "testsRegistered": 1,
    "passPercent": 100,
    "pendingPercent": 0,
    "other": 0,
    "hasOther": false,
    "skipped": 0,
    "hasSkipped": false
  },
  "results": [
    {
      "uuid": "9f725c92-21be-4a3a-8927-58530e5cdc4b",
      "title": "",
      "fullFile": "cypress/e2e/testcases/login-pageobject-spec.cy.ts",
      "file": "cypress/e2e/testcases/login-pageobject-spec.cy.ts",
      "beforeHooks": [],
      "afterHooks": [],
      "tests": [],
      "suites": [
        {
          "uuid": "a8e4f47a-6e15-43d7-b736-8b4c68d4003e",
          "title": "Sign In",
          "fullFile": "",
          "file": "",
          "beforeHooks": [],
          "afterHooks": [],
          "tests": [
            {
              "title": "should login with email and password",
              "fullTitle": "Sign In should login with email and password",
              "timedOut": null,
              "duration": 6035,
              "state": "passed",
              "speed": "medium",
              "pass": true,
              "fail": false,
              "pending": false,
              "context": null,
              "code": "const login = new _LoginPage__WEBPACK_IMPORTED_MODULE_0__[\"default\"]();\nlogin.visit();\nlogin.fillEmail(\"admin@example.com\");\nlogin.fillPassword(\"admin123\");\nlogin.submit();",
              "err": {},
              "uuid": "cf32a3b2-3caf-43fc-9273-a4d9629f4cd2",
              "parentUUID": "a8e4f47a-6e15-43d7-b736-8b4c68d4003e",
              "isHook": false,
              "skipped": false
            }
          ],
          "suites": [],
          "passes": [
            "cf32a3b2-3caf-43fc-9273-a4d9629f4cd2"
          ],
          "failures": [],
          "pending": [],
          "skipped": [],
          "duration": 6035,
          "root": false,
          "rootEmpty": false,
          "_timeout": 2000
        }
      ],
      "passes": [],
      "failures": [],
      "pending": [],
      "skipped": [],
      "duration": 0,
      "root": true,
      "rootEmpty": true,
      "_timeout": 2000
    }
  ],
  "meta": {
    "mocha": {
      "version": "7.0.1"
    },
    "mochawesome": {
      "options": {
        "quiet": false,
        "reportFilename": "mochawesome",
        "saveHtml": false,
        "saveJson": true,
        "consoleReporter": "spec",
        "useInlineDiffs": false,
        "code": true
      },
      "version": "7.1.3"
    },
    "marge": {
      "options": {
        "charts": true,
        "reportDir": "cypress/report/.jsons",
        "reportPageTitle": "admin-report",
        "embeddedScreenshots": true,
        "inlineAssets": true,
        "saveAllAttempts": false,
        "overwrite": false,
        "html": false,
        "json": true
      },
      "version": "6.2.0"
    }
  }
}