{
  "stats": {
    "suites": 1,
    "tests": 1,
    "passes": 0,
    "pending": 0,
    "failures": 1,
    "start": "2022-09-07T03:28:14.842Z",
    "end": "2022-09-07T03:28:24.305Z",
    "duration": 9463,
    "testsRegistered": 1,
    "passPercent": 0,
    "pendingPercent": 0,
    "other": 0,
    "hasOther": false,
    "skipped": 0,
    "hasSkipped": false
  },
  "results": [
    {
      "uuid": "da7932dc-c929-4cd2-b696-a2622d33b222",
      "title": "",
      "fullFile": "cypress/e2e/testcases/login-pageobject-spec.cy.ts",
      "file": "cypress/e2e/testcases/login-pageobject-spec.cy.ts",
      "beforeHooks": [],
      "afterHooks": [],
      "tests": [],
      "suites": [
        {
          "uuid": "7f4d7aa7-f640-4caf-9b12-41c4487a496d",
          "title": "Sign In",
          "fullFile": "",
          "file": "",
          "beforeHooks": [],
          "afterHooks": [],
          "tests": [
            {
              "title": "should login with email and password",
              "fullTitle": "Sign In should login with email and password",
              "timedOut": null,
              "duration": 9173,
              "state": "failed",
              "speed": null,
              "pass": false,
              "fail": true,
              "pending": false,
              "context": null,
              "code": "const login = new _LoginPage__WEBPACK_IMPORTED_MODULE_0__[\"default\"]();\nlogin.visit();\nlogin.fillEmail(\"admin@example.com\");\nlogin.fillPassword(\"admin123\");\nlogin.submit();",
              "err": {
                "message": "AssertionError: Timed out retrying after 4000ms: expected 'http://localhost:4200/login' to equal 'http://localhost:4200/users'",
                "estack": "AssertionError: Timed out retrying after 4000ms: expected 'http://localhost:4200/login' to equal 'http://localhost:4200/users'\n    at LoginInPage.submit (http://localhost:4200/__cypress/tests?p=cypress/e2e/testcases/login-pageobject-spec.cy.ts:117:18)\n    at Context.eval (http://localhost:4200/__cypress/tests?p=cypress/e2e/testcases/login-pageobject-spec.cy.ts:142:15)",
                "diff": "- 'http://localhost:4200/login'\n+ 'http://localhost:4200/users'\n"
              },
              "uuid": "a8e0432d-37b0-4756-aecd-6fc048271ce3",
              "parentUUID": "7f4d7aa7-f640-4caf-9b12-41c4487a496d",
              "isHook": false,
              "skipped": false
            }
          ],
          "suites": [],
          "passes": [],
          "failures": [
            "a8e0432d-37b0-4756-aecd-6fc048271ce3"
          ],
          "pending": [],
          "skipped": [],
          "duration": 9173,
          "root": false,
          "rootEmpty": false,
          "_timeout": 2000
        }
      ],
      "passes": [],
      "failures": [],
      "pending": [],
      "skipped": [],
      "duration": 0,
      "root": true,
      "rootEmpty": true,
      "_timeout": 2000
    }
  ],
  "meta": {
    "mocha": {
      "version": "7.0.1"
    },
    "mochawesome": {
      "options": {
        "quiet": false,
        "reportFilename": "mochawesome",
        "saveHtml": false,
        "saveJson": true,
        "consoleReporter": "spec",
        "useInlineDiffs": false,
        "code": true
      },
      "version": "7.1.3"
    },
    "marge": {
      "options": {
        "charts": true,
        "reportDir": "cypress/report/.jsons",
        "reportPageTitle": "admin-report",
        "embeddedScreenshots": true,
        "inlineAssets": true,
        "saveAllAttempts": false,
        "overwrite": false,
        "html": false,
        "json": true
      },
      "version": "6.2.0"
    }
  }
}