{
  "stats": {
    "suites": 1,
    "tests": 3,
    "passes": 3,
    "pending": 0,
    "failures": 0,
    "start": "2022-09-07T03:30:33.590Z",
    "end": "2022-09-07T03:30:40.094Z",
    "duration": 6504,
    "testsRegistered": 3,
    "passPercent": 100,
    "pendingPercent": 0,
    "other": 0,
    "hasOther": false,
    "skipped": 0,
    "hasSkipped": false
  },
  "results": [
    {
      "uuid": "87b13c15-2f8c-4a4f-a54d-0e019f011d6e",
      "title": "",
      "fullFile": "cypress/e2e/testcases/login-spec.cy.ts",
      "file": "cypress/e2e/testcases/login-spec.cy.ts",
      "beforeHooks": [],
      "afterHooks": [],
      "tests": [],
      "suites": [
        {
          "uuid": "d03d1551-e73c-4568-8ca6-806dea1188e6",
          "title": "Admin Web App",
          "fullFile": "",
          "file": "",
          "beforeHooks": [],
          "afterHooks": [],
          "tests": [
            {
              "title": "should have correct labels",
              "fullTitle": "Admin Web App should have correct labels",
              "timedOut": null,
              "duration": 2406,
              "state": "passed",
              "speed": "fast",
              "pass": true,
              "fail": false,
              "pending": false,
              "context": null,
              "code": "cy.contains('label', 'Email');\ncy.contains('label', 'Password');",
              "err": {},
              "uuid": "7868b872-f96f-4955-9e7a-2ad81503cc18",
              "parentUUID": "d03d1551-e73c-4568-8ca6-806dea1188e6",
              "isHook": false,
              "skipped": false
            },
            {
              "title": "should login with email and password",
              "fullTitle": "Admin Web App should login with email and password",
              "timedOut": null,
              "duration": 2633,
              "state": "passed",
              "speed": "fast",
              "pass": true,
              "fail": false,
              "pending": false,
              "context": null,
              "code": "cy.get('input[formControlName=email]').type(\"admin@example.com\");\ncy.get('input[formControlName=password]').type(\"admin123\");\ncy.get('#btn1').click();\ncy.get('.navbar-nav li').should('have.length', 5);",
              "err": {},
              "uuid": "251d0319-db42-4a76-a1d9-3e37aa00cb84",
              "parentUUID": "d03d1551-e73c-4568-8ca6-806dea1188e6",
              "isHook": false,
              "skipped": false
            },
            {
              "title": "should redirect admin user to the dashboard page if they provided correct credentials",
              "fullTitle": "Admin Web App should redirect admin user to the dashboard page if they provided correct credentials",
              "timedOut": null,
              "duration": 1093,
              "state": "passed",
              "speed": "fast",
              "pass": true,
              "fail": false,
              "pending": false,
              "context": null,
              "code": "cy.get('input[formControlName=email]').type(\"admin@example.com\");\ncy.get('input[formControlName=password]').type(\"admin123\");\ncy.get('#btn1').click();\ncy.url().should('be.equal', 'http://localhost:4200/users');",
              "err": {},
              "uuid": "99bbccad-7965-4843-8aa7-1f4bf56c5c12",
              "parentUUID": "d03d1551-e73c-4568-8ca6-806dea1188e6",
              "isHook": false,
              "skipped": false
            }
          ],
          "suites": [],
          "passes": [
            "7868b872-f96f-4955-9e7a-2ad81503cc18",
            "251d0319-db42-4a76-a1d9-3e37aa00cb84",
            "99bbccad-7965-4843-8aa7-1f4bf56c5c12"
          ],
          "failures": [],
          "pending": [],
          "skipped": [],
          "duration": 6132,
          "root": false,
          "rootEmpty": false,
          "_timeout": 2000
        }
      ],
      "passes": [],
      "failures": [],
      "pending": [],
      "skipped": [],
      "duration": 0,
      "root": true,
      "rootEmpty": true,
      "_timeout": 2000
    }
  ],
  "meta": {
    "mocha": {
      "version": "7.0.1"
    },
    "mochawesome": {
      "options": {
        "quiet": false,
        "reportFilename": "mochawesome",
        "saveHtml": false,
        "saveJson": true,
        "consoleReporter": "spec",
        "useInlineDiffs": false,
        "code": true
      },
      "version": "7.1.3"
    },
    "marge": {
      "options": {
        "charts": true,
        "reportDir": "cypress/report/.jsons",
        "reportPageTitle": "admin-report",
        "embeddedScreenshots": true,
        "inlineAssets": true,
        "saveAllAttempts": false,
        "overwrite": false,
        "html": false,
        "json": true
      },
      "version": "6.2.0"
    }
  }
}